mdm-owner/app/build/intermediates/manifest_merge_blame_file/release/manifest-merger-blame-release-report.txt
1<?xml version="1.0" encoding="utf-8"?>
2<manifest xmlns:android="http://schemas.android.com/apk/res/android"
3    package="com.mdm.launcher"
4    android:versionCode="1"
5    android:versionName="1.0" >
6
7    <uses-sdk
8        android:minSdkVersion="24"
9        android:targetSdkVersion="34" />
10
11    <!-- Permissões necessárias para Device Owner -->
12    <uses-permission android:name="android.permission.BIND_DEVICE_ADMIN" />
12-->src\main\AndroidManifest.xml:6:5-76
12-->src\main\AndroidManifest.xml:6:22-73
13    <uses-permission android:name="android.permission.WRITE_SECURE_SETTINGS" />
13-->src\main\AndroidManifest.xml:7:5-80
13-->src\main\AndroidManifest.xml:7:22-77
14    <uses-permission android:name="android.permission.WRITE_SETTINGS" />
14-->src\main\AndroidManifest.xml:8:5-73
14-->src\main\AndroidManifest.xml:8:22-70
15    <uses-permission android:name="android.permission.MODIFY_PHONE_STATE" />
15-->src\main\AndroidManifest.xml:9:5-77
15-->src\main\AndroidManifest.xml:9:22-74
16    <uses-permission android:name="android.permission.INTERNET" />
16-->src\main\AndroidManifest.xml:10:5-67
16-->src\main\AndroidManifest.xml:10:22-64
17    <uses-permission android:name="android.permission.ACCESS_NETWORK_STATE" />
17-->src\main\AndroidManifest.xml:11:5-79
17-->src\main\AndroidManifest.xml:11:22-76
18    <uses-permission android:name="android.permission.ACCESS_WIFI_STATE" />
18-->src\main\AndroidManifest.xml:12:5-76
18-->src\main\AndroidManifest.xml:12:22-73
19    <uses-permission android:name="android.permission.ACCESS_FINE_LOCATION" />
19-->src\main\AndroidManifest.xml:13:5-79
19-->src\main\AndroidManifest.xml:13:22-76
20    <uses-permission android:name="android.permission.ACCESS_COARSE_LOCATION" />
20-->src\main\AndroidManifest.xml:14:5-81
20-->src\main\AndroidManifest.xml:14:22-78
21    <uses-permission android:name="android.permission.BLUETOOTH" />
21-->src\main\AndroidManifest.xml:15:5-68
21-->src\main\AndroidManifest.xml:15:22-65
22    <uses-permission android:name="android.permission.BLUETOOTH_ADMIN" />
22-->src\main\AndroidManifest.xml:16:5-74
22-->src\main\AndroidManifest.xml:16:22-71
23    <uses-permission android:name="android.permission.CAMERA" />
23-->src\main\AndroidManifest.xml:17:5-65
23-->src\main\AndroidManifest.xml:17:22-62
24    <uses-permission android:name="android.permission.RECORD_AUDIO" />
24-->src\main\AndroidManifest.xml:18:5-71
24-->src\main\AndroidManifest.xml:18:22-68
25    <uses-permission android:name="android.permission.READ_PHONE_STATE" />
25-->src\main\AndroidManifest.xml:19:5-75
25-->src\main\AndroidManifest.xml:19:22-72
26    <uses-permission android:name="android.permission.READ_EXTERNAL_STORAGE" />
26-->src\main\AndroidManifest.xml:20:5-80
26-->src\main\AndroidManifest.xml:20:22-77
27    <uses-permission android:name="android.permission.WRITE_EXTERNAL_STORAGE" />
27-->src\main\AndroidManifest.xml:21:5-81
27-->src\main\AndroidManifest.xml:21:22-78
28    <uses-permission android:name="android.permission.QUERY_ALL_PACKAGES" />
28-->src\main\AndroidManifest.xml:22:5-77
28-->src\main\AndroidManifest.xml:22:22-74
29    <uses-permission android:name="android.permission.PACKAGE_USAGE_STATS" />
29-->src\main\AndroidManifest.xml:23:5-78
29-->src\main\AndroidManifest.xml:23:22-75
30    <uses-permission android:name="android.permission.SYSTEM_ALERT_WINDOW" />
30-->src\main\AndroidManifest.xml:24:5-78
30-->src\main\AndroidManifest.xml:24:22-75
31    <uses-permission android:name="android.permission.DISABLE_KEYGUARD" />
31-->src\main\AndroidManifest.xml:25:5-75
31-->src\main\AndroidManifest.xml:25:22-72
32    <uses-permission android:name="android.permission.WAKE_LOCK" />
32-->src\main\AndroidManifest.xml:26:5-68
32-->src\main\AndroidManifest.xml:26:22-65
33    <uses-permission android:name="android.permission.REQUEST_IGNORE_BATTERY_OPTIMIZATIONS" />
33-->src\main\AndroidManifest.xml:27:5-95
33-->src\main\AndroidManifest.xml:27:22-92
34    <uses-permission android:name="android.permission.FOREGROUND_SERVICE" />
34-->src\main\AndroidManifest.xml:28:5-77
34-->src\main\AndroidManifest.xml:28:22-74
35    <uses-permission android:name="android.permission.FOREGROUND_SERVICE_DATA_SYNC" />
35-->src\main\AndroidManifest.xml:29:5-87
35-->src\main\AndroidManifest.xml:29:22-84
36    <uses-permission android:name="android.permission.START_FOREGROUND_SERVICES_FROM_BACKGROUND" />
36-->src\main\AndroidManifest.xml:30:5-100
36-->src\main\AndroidManifest.xml:30:22-97
37    <uses-permission android:name="android.permission.RECEIVE_BOOT_COMPLETED" />
37-->src\main\AndroidManifest.xml:31:5-81
37-->src\main\AndroidManifest.xml:31:22-78
38    <uses-permission android:name="android.permission.POST_NOTIFICATIONS" />
38-->src\main\AndroidManifest.xml:32:5-77
38-->src\main\AndroidManifest.xml:32:22-74
39
40    <!-- Permissões para gerenciar outros apps -->
41    <uses-permission android:name="android.permission.INSTALL_PACKAGES" />
41-->src\main\AndroidManifest.xml:35:5-75
41-->src\main\AndroidManifest.xml:35:22-72
42    <uses-permission android:name="android.permission.DELETE_PACKAGES" />
42-->src\main\AndroidManifest.xml:36:5-74
42-->src\main\AndroidManifest.xml:36:22-71
43    <uses-permission android:name="android.permission.CLEAR_APP_USER_DATA" />
43-->src\main\AndroidManifest.xml:37:5-78
43-->src\main\AndroidManifest.xml:37:22-75
44    <uses-permission android:name="android.permission.SET_WALLPAPER" />
44-->src\main\AndroidManifest.xml:38:5-72
44-->src\main\AndroidManifest.xml:38:22-69
45    <uses-permission android:name="android.permission.SET_WALLPAPER_HINTS" />
45-->src\main\AndroidManifest.xml:39:5-78
45-->src\main\AndroidManifest.xml:39:22-75
46
47    <permission
47-->[androidx.core:core:1.12.0] AndroidManifest.xml:22:5-24:47
48        android:name="com.mdm.launcher.DYNAMIC_RECEIVER_NOT_EXPORTED_PERMISSION"
48-->[androidx.core:core:1.12.0] AndroidManifest.xml:23:9-81
49        android:protectionLevel="signature" />
49-->[androidx.core:core:1.12.0] AndroidManifest.xml:24:9-44
50
51    <uses-permission android:name="com.mdm.launcher.DYNAMIC_RECEIVER_NOT_EXPORTED_PERMISSION" />
51-->[androidx.core:core:1.12.0] AndroidManifest.xml:26:5-97
51-->[androidx.core:core:1.12.0] AndroidManifest.xml:26:22-94
52
53    <application
53-->src\main\AndroidManifest.xml:41:5-135:19
54        android:allowBackup="true"
54-->src\main\AndroidManifest.xml:42:9-35
55        android:appComponentFactory="androidx.core.app.CoreComponentFactory"
55-->[androidx.core:core:1.12.0] AndroidManifest.xml:28:18-86
56        android:dataExtractionRules="@xml/data_extraction_rules"
56-->src\main\AndroidManifest.xml:43:9-65
57        android:extractNativeLibs="false"
58        android:fullBackupContent="@xml/backup_rules"
58-->src\main\AndroidManifest.xml:44:9-54
59        android:icon="@mipmap/ic_launcher"
59-->src\main\AndroidManifest.xml:45:9-43
60        android:label="@string/app_name"
60-->src\main\AndroidManifest.xml:46:9-41
61        android:networkSecurityConfig="@xml/network_security_config"
61-->src\main\AndroidManifest.xml:52:9-69
62        android:requestLegacyExternalStorage="true"
62-->src\main\AndroidManifest.xml:50:9-52
63        android:roundIcon="@mipmap/ic_launcher_round"
63-->src\main\AndroidManifest.xml:47:9-54
64        android:supportsRtl="true"
64-->src\main\AndroidManifest.xml:48:9-35
65        android:theme="@style/Theme.MDMLauncher"
65-->src\main\AndroidManifest.xml:49:9-49
66        android:usesCleartextTraffic="true" >
66-->src\main\AndroidManifest.xml:51:9-44
67
68        <!-- Activity principal do launcher -->
69        <activity
69-->src\main\AndroidManifest.xml:56:9-75:20
70            android:name="com.mdm.launcher.MainActivity"
70-->src\main\AndroidManifest.xml:57:13-41
71            android:alwaysRetainTaskState="true"
71-->src\main\AndroidManifest.xml:64:13-49
72            android:clearTaskOnLaunch="false"
72-->src\main\AndroidManifest.xml:65:13-46
73            android:configChanges="orientation|screenSize|keyboardHidden|uiMode"
73-->src\main\AndroidManifest.xml:63:13-81
74            android:exported="true"
74-->src\main\AndroidManifest.xml:58:13-36
75            android:launchMode="singleTop"
75-->src\main\AndroidManifest.xml:59:13-43
76            android:screenOrientation="portrait"
76-->src\main\AndroidManifest.xml:60:13-49
77            android:theme="@style/Theme.MDMLauncher.Launcher"
77-->src\main\AndroidManifest.xml:61:13-62
78            android:windowSoftInputMode="adjustResize" >
78-->src\main\AndroidManifest.xml:62:13-55
79            <intent-filter android:priority="1000" >
79-->src\main\AndroidManifest.xml:66:13-69:29
79-->src\main\AndroidManifest.xml:66:28-51
80                <action android:name="android.intent.action.MAIN" />
80-->src\main\AndroidManifest.xml:67:17-69
80-->src\main\AndroidManifest.xml:67:25-66
81
82                <category android:name="android.intent.category.LAUNCHER" />
82-->src\main\AndroidManifest.xml:68:17-77
82-->src\main\AndroidManifest.xml:68:27-74
83            </intent-filter>
84            <intent-filter android:priority="1000" >
84-->src\main\AndroidManifest.xml:70:13-74:29
84-->src\main\AndroidManifest.xml:70:28-51
85                <action android:name="android.intent.action.MAIN" />
85-->src\main\AndroidManifest.xml:67:17-69
85-->src\main\AndroidManifest.xml:67:25-66
86
87                <category android:name="android.intent.category.HOME" />
87-->src\main\AndroidManifest.xml:72:17-73
87-->src\main\AndroidManifest.xml:72:27-70
88                <category android:name="android.intent.category.DEFAULT" />
88-->src\main\AndroidManifest.xml:73:17-76
88-->src\main\AndroidManifest.xml:73:27-73
89            </intent-filter>
90        </activity>
91
92        <!-- Device Admin Receiver -->
93        <receiver
93-->src\main\AndroidManifest.xml:78:9-88:20
94            android:name="com.mdm.launcher.DeviceAdminReceiver"
94-->src\main\AndroidManifest.xml:79:13-48
95            android:exported="true"
95-->src\main\AndroidManifest.xml:80:13-36
96            android:permission="android.permission.BIND_DEVICE_ADMIN" >
96-->src\main\AndroidManifest.xml:81:13-70
97            <meta-data
97-->src\main\AndroidManifest.xml:82:13-84:56
98                android:name="android.app.device_admin"
98-->src\main\AndroidManifest.xml:83:17-56
99                android:resource="@xml/device_admin" />
99-->src\main\AndroidManifest.xml:84:17-53
100
101            <intent-filter>
101-->src\main\AndroidManifest.xml:85:13-87:29
102                <action android:name="android.app.action.DEVICE_ADMIN_ENABLED" />
102-->src\main\AndroidManifest.xml:86:17-82
102-->src\main\AndroidManifest.xml:86:25-79
103            </intent-filter>
104        </receiver>
105
106        <!-- Serviço de comunicação WebSocket -->
107        <service
107-->src\main\AndroidManifest.xml:91:9-95:56
108            android:name="com.mdm.launcher.service.WebSocketService"
108-->src\main\AndroidManifest.xml:92:13-53
109            android:enabled="true"
109-->src\main\AndroidManifest.xml:93:13-35
110            android:exported="false"
110-->src\main\AndroidManifest.xml:94:13-37
111            android:foregroundServiceType="dataSync" />
111-->src\main\AndroidManifest.xml:95:13-53
112
113        <!-- Broadcast Receiver para mudanças de apps -->
114        <receiver
114-->src\main\AndroidManifest.xml:98:9-108:20
115            android:name="com.mdm.launcher.AppChangeReceiver"
115-->src\main\AndroidManifest.xml:99:13-46
116            android:enabled="true"
116-->src\main\AndroidManifest.xml:100:13-35
117            android:exported="false" >
117-->src\main\AndroidManifest.xml:101:13-37
118            <intent-filter>
118-->src\main\AndroidManifest.xml:102:13-107:29
119                <action android:name="android.intent.action.PACKAGE_ADDED" />
119-->src\main\AndroidManifest.xml:103:17-78
119-->src\main\AndroidManifest.xml:103:25-75
120                <action android:name="android.intent.action.PACKAGE_REMOVED" />
120-->src\main\AndroidManifest.xml:104:17-80
120-->src\main\AndroidManifest.xml:104:25-77
121                <action android:name="android.intent.action.PACKAGE_REPLACED" />
121-->src\main\AndroidManifest.xml:105:17-81
121-->src\main\AndroidManifest.xml:105:25-78
122
123                <data android:scheme="package" />
123-->src\main\AndroidManifest.xml:106:17-50
123-->src\main\AndroidManifest.xml:106:23-47
124            </intent-filter>
125        </receiver>
126
127        <!-- Broadcast Receiver para manter launcher padrão -->
128        <receiver
128-->src\main\AndroidManifest.xml:111:9-127:20
129            android:name="com.mdm.launcher.receivers.DefaultLauncherReceiver"
129-->src\main\AndroidManifest.xml:112:13-62
130            android:enabled="true"
130-->src\main\AndroidManifest.xml:113:13-35
131            android:exported="false" >
131-->src\main\AndroidManifest.xml:114:13-37
132            <intent-filter android:priority="1000" >
132-->src\main\AndroidManifest.xml:115:13-123:29
132-->src\main\AndroidManifest.xml:115:28-51
133                <action android:name="android.intent.action.PACKAGE_ADDED" />
133-->src\main\AndroidManifest.xml:103:17-78
133-->src\main\AndroidManifest.xml:103:25-75
134                <action android:name="android.intent.action.PACKAGE_REMOVED" />
134-->src\main\AndroidManifest.xml:104:17-80
134-->src\main\AndroidManifest.xml:104:25-77
135                <action android:name="android.intent.action.PACKAGE_REPLACED" />
135-->src\main\AndroidManifest.xml:105:17-81
135-->src\main\AndroidManifest.xml:105:25-78
136                <action android:name="android.intent.action.PACKAGE_CHANGED" />
136-->src\main\AndroidManifest.xml:119:17-80
136-->src\main\AndroidManifest.xml:119:25-77
137                <action android:name="android.intent.action.BOOT_COMPLETED" />
137-->src\main\AndroidManifest.xml:120:17-79
137-->src\main\AndroidManifest.xml:120:25-76
138                <action android:name="android.intent.action.MY_PACKAGE_REPLACED" />
138-->src\main\AndroidManifest.xml:121:17-84
138-->src\main\AndroidManifest.xml:121:25-81
139
140                <data android:scheme="package" />
140-->src\main\AndroidManifest.xml:106:17-50
140-->src\main\AndroidManifest.xml:106:23-47
141            </intent-filter>
142            <intent-filter android:priority="1000" >
142-->src\main\AndroidManifest.xml:124:13-126:29
142-->src\main\AndroidManifest.xml:124:28-51
143                <action android:name="android.intent.action.BOOT_COMPLETED" />
143-->src\main\AndroidManifest.xml:120:17-79
143-->src\main\AndroidManifest.xml:120:25-76
144            </intent-filter>
145        </receiver>
146
147        <!-- Activity para configuração inicial -->
148        <activity
148-->src\main\AndroidManifest.xml:130:9-133:62
149            android:name="com.mdm.launcher.SetupActivity"
149-->src\main\AndroidManifest.xml:131:13-42
150            android:exported="false"
150-->src\main\AndroidManifest.xml:132:13-37
151            android:theme="@style/Theme.MDMLauncher.Setup" />
151-->src\main\AndroidManifest.xml:133:13-59
152
153        <provider
153-->[androidx.emoji2:emoji2:1.2.0] AndroidManifest.xml:24:9-32:20
154            android:name="androidx.startup.InitializationProvider"
154-->[androidx.emoji2:emoji2:1.2.0] AndroidManifest.xml:25:13-67
155            android:authorities="com.mdm.launcher.androidx-startup"
155-->[androidx.emoji2:emoji2:1.2.0] AndroidManifest.xml:26:13-68
156            android:exported="false" >
156-->[androidx.emoji2:emoji2:1.2.0] AndroidManifest.xml:27:13-37
157            <meta-data
157-->[androidx.emoji2:emoji2:1.2.0] AndroidManifest.xml:29:13-31:52
158                android:name="androidx.emoji2.text.EmojiCompatInitializer"
158-->[androidx.emoji2:emoji2:1.2.0] AndroidManifest.xml:30:17-75
159                android:value="androidx.startup" />
159-->[androidx.emoji2:emoji2:1.2.0] AndroidManifest.xml:31:17-49
160            <meta-data
160-->[androidx.lifecycle:lifecycle-process:2.7.0] AndroidManifest.xml:29:13-31:52
161                android:name="androidx.lifecycle.ProcessLifecycleInitializer"
161-->[androidx.lifecycle:lifecycle-process:2.7.0] AndroidManifest.xml:30:17-78
162                android:value="androidx.startup" />
162-->[androidx.lifecycle:lifecycle-process:2.7.0] AndroidManifest.xml:31:17-49
163            <meta-data
163-->[androidx.profileinstaller:profileinstaller:1.3.0] AndroidManifest.xml:29:13-31:52
164                android:name="androidx.profileinstaller.ProfileInstallerInitializer"
164-->[androidx.profileinstaller:profileinstaller:1.3.0] AndroidManifest.xml:30:17-85
165                android:value="androidx.startup" />
165-->[androidx.profileinstaller:profileinstaller:1.3.0] AndroidManifest.xml:31:17-49
166        </provider>
167
168        <receiver
168-->[androidx.profileinstaller:profileinstaller:1.3.0] AndroidManifest.xml:34:9-52:20
169            android:name="androidx.profileinstaller.ProfileInstallReceiver"
169-->[androidx.profileinstaller:profileinstaller:1.3.0] AndroidManifest.xml:35:13-76
170            android:directBootAware="false"
170-->[androidx.profileinstaller:profileinstaller:1.3.0] AndroidManifest.xml:36:13-44
171            android:enabled="true"
171-->[androidx.profileinstaller:profileinstaller:1.3.0] AndroidManifest.xml:37:13-35
172            android:exported="true"
172-->[androidx.profileinstaller:profileinstaller:1.3.0] AndroidManifest.xml:38:13-36
173            android:permission="android.permission.DUMP" >
173-->[androidx.profileinstaller:profileinstaller:1.3.0] AndroidManifest.xml:39:13-57
174            <intent-filter>
174-->[androidx.profileinstaller:profileinstaller:1.3.0] AndroidManifest.xml:40:13-42:29
175                <action android:name="androidx.profileinstaller.action.INSTALL_PROFILE" />
175-->[androidx.profileinstaller:profileinstaller:1.3.0] AndroidManifest.xml:41:17-91
175-->[androidx.profileinstaller:profileinstaller:1.3.0] AndroidManifest.xml:41:25-88
176            </intent-filter>
177            <intent-filter>
177-->[androidx.profileinstaller:profileinstaller:1.3.0] AndroidManifest.xml:43:13-45:29
178                <action android:name="androidx.profileinstaller.action.SKIP_FILE" />
178-->[androidx.profileinstaller:profileinstaller:1.3.0] AndroidManifest.xml:44:17-85
178-->[androidx.profileinstaller:profileinstaller:1.3.0] AndroidManifest.xml:44:25-82
179            </intent-filter>
180            <intent-filter>
180-->[androidx.profileinstaller:profileinstaller:1.3.0] AndroidManifest.xml:46:13-48:29
181                <action android:name="androidx.profileinstaller.action.SAVE_PROFILE" />
181-->[androidx.profileinstaller:profileinstaller:1.3.0] AndroidManifest.xml:47:17-88
181-->[androidx.profileinstaller:profileinstaller:1.3.0] AndroidManifest.xml:47:25-85
182            </intent-filter>
183            <intent-filter>
183-->[androidx.profileinstaller:profileinstaller:1.3.0] AndroidManifest.xml:49:13-51:29
184                <action android:name="androidx.profileinstaller.action.BENCHMARK_OPERATION" />
184-->[androidx.profileinstaller:profileinstaller:1.3.0] AndroidManifest.xml:50:17-95
184-->[androidx.profileinstaller:profileinstaller:1.3.0] AndroidManifest.xml:50:25-92
185            </intent-filter>
186        </receiver>
187    </application>
188
189</manifest>